This is TeX, Version 3.14159 (Web2C 7.3.7) (format=latex 2002.9.23)  10 AUG 2004 13:13
**cplusplus.latex
(./cplusplus.latex
LaTeX2e <2001/06/01>
Babel <v3.7h> and hyphenation patterns for american, french, german, ngerman, d
utch, nohyphenation, loaded.
Original Yodl file: preamble
\@indexfile=\write3
\openout3 = `cplusplus.idx'.

Writing index file cplusplus.idx
Original Yodl file: abstract
(/usr/share/texmf/tex/latex/base/report.cls
Document Class: report 2001/04/21 v1.4e Standard LaTeX document class
(/usr/share/texmf/tex/latex/base/size10.clo
File: size10.clo 2001/04/21 v1.4e Standard LaTeX file (size option)
)
\c@part=\count79
\c@chapter=\count80
\c@section=\count81
\c@subsection=\count82
\c@subsubsection=\count83
\c@paragraph=\count84
\c@subparagraph=\count85
\c@figure=\count86
\c@table=\count87
\abovecaptionskip=\skip41
\belowcaptionskip=\skip42
\bibindent=\dimen102
)
(/usr/share/texmf/tex/latex/base/inputenc.sty
Package: inputenc 2001/07/10 v0.99a Input encoding file 

(/usr/share/texmf/tex/latex/base/latin1.def
File: latin1.def 2001/07/10 v0.99a Input encoding file 
))
(/usr/share/texmf/tex/latex/base/makeidx.sty
Package: makeidx 2000/03/29 v1.0m Standard LaTeX package
)
(/usr/share/texmf/tex/latex/mfnfss/pandora.sty
Package: pandora 1997/12/18 v2.1g Standard LaTeX2e package (Pandora fonts)
)
(/usr/share/texmf/tex/generic/dvips/epsf.tex
This is `epsf.tex' v2.7k <10 July 1997>
\epsffilein=\read1
\epsfframemargin=\dimen103
\epsfframethickness=\dimen104
\epsfrsize=\dimen105
\epsftmp=\dimen106
\epsftsize=\dimen107
\epsfxsize=\dimen108
\epsfysize=\dimen109
\pspoints=\dimen110
\epsfnoopenhelp=\toks14
)

! LaTeX Error: File `cplusplus.sty' not found.

Type X to quit or <RETURN> to proceed,
or enter new name. (Default extension: sty)

Enter file name: 
! Interruption.
<to be read again> 
                   }
l.39 ^^M
        
? x
 
Here is how much of TeX's memory you used:
 350 strings out of 10802
 4189 string characters out of 70268
 48368 words of memory out of 263001
 3354 multiletter control sequences out of 10000+0
 3640 words of font info for 14 fonts, out of 400000 for 1000
 54 hyphenation exceptions out of 1000
 23i,0n,19p,208b,40s stack positions out of 300i,100n,500p,50000b,4000s
No pages of output.
